[01m[K/home/kkcmaestro/ros2_wsU/src/Ubox/src/velocity_publisher.cpp:[m[K In member function â€˜[01m[Kvoid VelocityPublisher::[01;32m[Kpublish_velocity[m[K()[m[Kâ€™:
[01m[K/home/kkcmaestro/ros2_wsU/src/Ubox/src/velocity_publisher.cpp:26:29:[m[K [01;31m[Kerror: [m[Kâ€˜[01m[Kx[m[Kâ€™ was not declared in this scope
   26 |         msg.linear.x = 1.0+ [01;31m[Kx[m[K;  // Linear velocity in meters per second
      |                             [01;31m[K^[m[K
gmake[2]: *** [CMakeFiles/velocity_publisher.dir/build.make:76: CMakeFiles/velocity_publisher.dir/src/velocity_publisher.cpp.o] Error 1
gmake[1]: *** [CMakeFiles/Makefile2:165: CMakeFiles/velocity_publisher.dir/all] Error 2
gmake: *** [Makefile:146: all] Error 2
