[0.020s] Invoking command in '/home/kkcmaestro/ros2_wsU/build/Ubox': CMAKE_PREFIX_PATH=${CMAKE_PREFIX_PATH}:/home/kkcmaestro/ros2_ws/install/my_robot_controller2:/opt/ros/jazzy DEBUGINFOD_URLS=https://debuginfod.ubuntu.com /usr/bin/cmake --build /home/kkcmaestro/ros2_wsU/build/Ubox -- -j4 -l4
[0.100s] [ 25%] [32mBuilding CXX object CMakeFiles/velocity_publisher.dir/src/velocity_publisher.cpp.o[0m
[0.127s] [ 75%] Built target cpp_exe
[3.678s] [01m[K/home/kkcmaestro/ros2_wsU/src/Ubox/src/velocity_publisher.cpp:[m[K In member function â€˜[01m[Kvoid VelocityPublisher::[01;32m[Kpublish_velocity[m[K()[m[Kâ€™:
[3.678s] [01m[K/home/kkcmaestro/ros2_wsU/src/Ubox/src/velocity_publisher.cpp:26:29:[m[K [01;31m[Kerror: [m[Kâ€˜[01m[Kx[m[Kâ€™ was not declared in this scope
[3.678s]    26 |         msg.linear.x = 1.0+ [01;31m[Kx[m[K;  // Linear velocity in meters per second
[3.678s]       |                             [01;31m[K^[m[K
[5.593s] gmake[2]: *** [CMakeFiles/velocity_publisher.dir/build.make:76: CMakeFiles/velocity_publisher.dir/src/velocity_publisher.cpp.o] Error 1
[5.593s] gmake[1]: *** [CMakeFiles/Makefile2:165: CMakeFiles/velocity_publisher.dir/all] Error 2
[5.593s] gmake: *** [Makefile:146: all] Error 2
[5.597s] Invoked command in '/home/kkcmaestro/ros2_wsU/build/Ubox' returned '2': CMAKE_PREFIX_PATH=${CMAKE_PREFIX_PATH}:/home/kkcmaestro/ros2_ws/install/my_robot_controller2:/opt/ros/jazzy DEBUGINFOD_URLS=https://debuginfod.ubuntu.com /usr/bin/cmake --build /home/kkcmaestro/ros2_wsU/build/Ubox -- -j4 -l4
